{"C:\\Users\\senna\\Downloads\\aula02_lab02\\lab03_01\\src\\hello_world.ts": {"path":"C:\\Users\\senna\\Downloads\\aula02_lab02\\lab03_01\\src\\hello_world.ts","all":false,"statementMap":{"0":{"start":{"line":1,"column":0},"end":{"line":1,"column":25}},"1":{"start":{"line":2,"column":0},"end":{"line":2,"column":57}},"2":{"start":{"line":3,"column":0},"end":{"line":3,"column":31}},"3":{"start":{"line":4,"column":0},"end":{"line":4,"column":31}},"4":{"start":{"line":5,"column":0},"end":{"line":5,"column":4}},"5":{"start":{"line":6,"column":0},"end":{"line":6,"column":28}},"6":{"start":{"line":7,"column":0},"end":{"line":7,"column":1}}},"s":{"0":1,"1":1,"2":1,"3":0,"4":0,"5":1,"6":1},"branchMap":{"0":{"type":"branch","line":2,"loc":{"start":{"line":2,"column":0},"end":{"line":7,"column":1}},"locations":[{"start":{"line":2,"column":0},"end":{"line":7,"column":1}}]},"1":{"type":"branch","line":3,"loc":{"start":{"line":3,"column":30},"end":{"line":5,"column":4}},"locations":[{"start":{"line":3,"column":30},"end":{"line":5,"column":4}}]}},"b":{"0":[1],"1":[0]},"fnMap":{"0":{"name":"hello","decl":{"start":{"line":2,"column":0},"end":{"line":7,"column":1}},"loc":{"start":{"line":2,"column":0},"end":{"line":7,"column":1}},"line":2}},"f":{"0":1}}
}
